2026-04-16 00:13:37,693 [DEBUG] Falling back to TensorFlow client; we recommended you install the Cloud TPU client directly with pip install cloud-tpu-client.
2026-04-16 00:13:45,399 [DEBUG] Creating converter from 7 to 5
2026-04-16 00:13:45,399 [DEBUG] Creating converter from 5 to 7
2026-04-16 00:13:45,399 [DEBUG] Creating converter from 7 to 5
2026-04-16 00:13:45,399 [DEBUG] Creating converter from 5 to 7
2026-04-16 00:14:00,875 [DEBUG] matplotlib data path: /Users/sahil/Downloads/driver-safety-ai/venv/lib/python3.10/site-packages/matplotlib/mpl-data
2026-04-16 00:14:00,878 [DEBUG] CONFIGDIR=/Users/sahil/.matplotlib
2026-04-16 00:14:00,879 [DEBUG] interactive is False
2026-04-16 00:14:00,880 [DEBUG] platform is darwin
2026-04-16 00:14:00,896 [DEBUG] CACHEDIR=/Users/sahil/.matplotlib
2026-04-16 00:14:00,896 [DEBUG] font search path [PosixPath('/Users/sahil/Downloads/driver-safety-ai/venv/lib/python3.10/site-packages/matplotlib/mpl-data/fonts/ttf'), PosixPath('/Users/sahil/Downloads/driver-safety-ai/venv/lib/python3.10/site-packages/matplotlib/mpl-data/fonts/afm'), PosixPath('/Users/sahil/Downloads/driver-safety-ai/venv/lib/python3.10/site-packages/matplotlib/mpl-data/fonts/pdfcorefonts')]
2026-04-16 00:14:05,902 [WARNING] Matplotlib is building the font cache; this may take a moment.
2026-04-16 00:14:17,280 [INFO] Failed to extract font properties from /System/Library/Fonts/Apple Color Emoji.ttc: Could not set the fontsize (invalid pixel size; error code 0x17)
2026-04-16 00:14:17,286 [INFO] Failed to extract font properties from /System/Library/AssetsV2/com_apple_MobileAsset_Font8/de4e264c10748d48b51606d74f29e54e2bed6517.asset/AssetData/OctoberIndia.otf: Can not load face (SFNT font table missing; error code 0x8e)
2026-04-16 00:14:17,299 [INFO] Failed to extract font properties from /System/Library/Fonts/Supplemental/NISC18030.ttf: Could not set the fontsize (invalid pixel size; error code 0x17)
2026-04-16 00:14:17,338 [INFO] Failed to extract font properties from /System/Library/Fonts/SFIndia.ttc: Can not load face (SFNT font table missing; error code 0x8e)
2026-04-16 00:14:17,407 [INFO] Failed to extract font properties from /System/Library/Fonts/LastResort.otf: tuple indices must be integers or slices, not str
2026-04-16 00:14:17,415 [INFO] Failed to extract font properties from /System/Library/AssetsV2/com_apple_MobileAsset_Font8/011c536badf0f714f79394a8c1dfc4b6958ca11d.asset/AssetData/NovemberIndia.otf: Can not load face (SFNT font table missing; error code 0x8e)
2026-04-16 00:14:17,425 [INFO] Failed to extract font properties from /System/Library/PrivateFrameworks/FontServices.framework/Resources/Reserved/PingFangUI.ttc: Can not load face (locations (loca) table missing; error code 0x90)
2026-04-16 00:14:17,445 [INFO] generated new fontManager
